
> starknet-remix-plugin@0.1.0 start /home/ubuntu/starknet-remix-plugin/plugin
> DISABLE_ESLINT_PLUGIN=true react-scripts start

(node:267759) [DEP_WEBPACK_DEV_SERVER_ON_AFTER_SETUP_MIDDLEWARE] DeprecationWarning: 'onAfterSetupMiddleware' option is deprecated. Please use the 'setupMiddlewares' option.
(Use `node --trace-deprecation ...` to show where the warning was created)
(node:267759) [DEP_WEBPACK_DEV_SERVER_ON_BEFORE_SETUP_MIDDLEWARE] DeprecationWarning: 'onBeforeSetupMiddleware' option is deprecated. Please use the 'setupMiddlewares' option.
Starting the development server...

Compiled successfully!

You can now view starknet-remix-plugin in the browser.

  Local:            http://localhost:3000
  On Your Network:  http://10.120.154.182:3000

Note that the development build is not optimized.
To create a production build, use npm run build.

webpack compiled successfully
No issues found.
Compiling...
Compiled successfully!
webpack compiled successfully
Compiling...
ERROR in src/features/TransactionHistory/index.tsx:17:28
TS2339: Property 'revmap' does not exist on type 'Transaction[]'.
    15 |             )
    16 |           : (
  > 17 |               transactions.reverse().map((transaction, index) => {
       |                            ^^^^^^
    18 |                 return <TransactionCard key={transaction.txId} transaction={transaction} explorer={props.controlHook.explorer} />
    19 |               })
    20 |             )}

ERROR in src/features/TransactionHistory/index.tsx:17:36
TS7006: Parameter 'transaction' implicitly has an 'any' type.
    15 |             )
    16 |           : (
  > 17 |               transactions.reverse().map((transaction, index) => {
       |                                    ^^^^^^^^^^^
    18 |                 return <TransactionCard key={transaction.txId} transaction={transaction} explorer={props.controlHook.explorer} />
    19 |               })
    20 |             )}

ERROR in src/features/TransactionHistory/index.tsx:17:49
TS7006: Parameter 'index' implicitly has an 'any' type.
    15 |             )
    16 |           : (
  > 17 |               transactions.reverse().map((transaction, index) => {
       |                                                 ^^^^^
    18 |                 return <TransactionCard key={transaction.txId} transaction={transaction} explorer={props.controlHook.explorer} />
    19 |               })
    20 |             )}

Compiled successfully!
webpack compiled successfully
No issues found.
Compiling...
Compiled successfully!
webpack compiled successfully
Compiling...
ERROR in src/features/TransactionHistory/index.tsx:17:28
TS2551: Property 'reversemap' does not exist on type 'Transaction[]'. Did you mean 'reverse'?
    15 |             )
    16 |           : (
  > 17 |               transactions.map((transaction, index) => {
       |                            ^^^^^^^^^^
    18 |                 return <TransactionCard key={transaction.txId} transaction={transaction} explorer={props.controlHook.explorer} />
    19 |               })
    20 |             )}

ERROR in src/features/TransactionHistory/index.tsx:17:40
TS7006: Parameter 'transaction' implicitly has an 'any' type.
    15 |             )
    16 |           : (
  > 17 |               transactions.map((transaction, index) => {
       |                                        ^^^^^^^^^^^
    18 |                 return <TransactionCard key={transaction.txId} transaction={transaction} explorer={props.controlHook.explorer} />
    19 |               })
    20 |             )}

ERROR in src/features/TransactionHistory/index.tsx:17:53
TS7006: Parameter 'index' implicitly has an 'any' type.
    15 |             )
    16 |           : (
  > 17 |               transactions.map((transaction, index) => {
       |                                                     ^^^^^
    18 |                 return <TransactionCard key={transaction.txId} transaction={transaction} explorer={props.controlHook.explorer} />
    19 |               })
    20 |             )}

Compiled successfully!
webpack compiled successfully
No issues found.
Compiling...
Compiled successfully!
webpack compiled successfully
Compiling...
No issues found.
Compiled successfully!
webpack compiled successfully
No issues found.
Compiling...
Compiled successfully!
webpack compiled successfully
No issues found.
Compiling...
Compiled successfully!
webpack compiled successfully
No issues found.
